<?xml version='1.0' encoding='UTF-8'?>
<testsuite hostname="GG-10296" name="com.lightbend.akkassembly.WheelShopTest" tests="2" errors="0" failures="0" skipped="0" time="0.039" timestamp="2020-08-11T05:20:33">
                     <properties>
[...]
</properties>
                     <testcase classname="com.lightbend.akkassembly.WheelShopTest" name="wheels should return a series of wheels" time="0.024">
                                                 
                                               </testcase><testcase classname="com.lightbend.akkassembly.WheelShopTest" name="installWheels should install four wheels on each car" time="0.015">
                                                 
                                               </testcase>
                     <system-out><![CDATA[]]></system-out>
                     <system-err><![CDATA[]]></system-err>
                   </testsuite>