<?xml version='1.0' encoding='UTF-8'?>
<testsuite hostname="GG-10296" name="com.lightbend.akkassembly.AuditorTest" tests="11" errors="0" failures="0" skipped="0" time="1.076" timestamp="2020-08-12T12:07:41">
                     <properties>
[...]
</properties>
                     <testcase classname="com.lightbend.akkassembly.AuditorTest" name="count should return zero if the stream is empty" time="0.021">
                                                 
                                               </testcase><testcase classname="com.lightbend.akkassembly.AuditorTest" name="count should count elements in the stream" time="0.017">
                                                 
                                               </testcase><testcase classname="com.lightbend.akkassembly.AuditorTest" name="log should log nothing if the source is empty." time="0.01">
                                                 
                                               </testcase><testcase classname="com.lightbend.akkassembly.AuditorTest" name="log should log all elements to the logging adapter." time="0.106">
                                                 
                                               </testcase><testcase classname="com.lightbend.akkassembly.AuditorTest" name="log should log the exact element" time="0.103">
                                                 
                                               </testcase><testcase classname="com.lightbend.akkassembly.AuditorTest" name="sample should do nothing if the source is empty" time="0.015">
                                                 
                                               </testcase><testcase classname="com.lightbend.akkassembly.AuditorTest" name="sample should return all elements if they appear within the sample period." time="0.041">
                                                 
                                               </testcase><testcase classname="com.lightbend.akkassembly.AuditorTest" name="sample should ignore elements that appear outside the expected sample period." time="0.227">
                                                 
                                               </testcase><testcase classname="com.lightbend.akkassembly.AuditorTest" name="audit should return zero if there are no cars in the stream" time="0.018">
                                                 
                                               </testcase><testcase classname="com.lightbend.akkassembly.AuditorTest" name="audit should return all cars if they are within the sample period" time="0.026">
                                                 
                                               </testcase><testcase classname="com.lightbend.akkassembly.AuditorTest" name="audit should limit the cars to only those that are within the sample period" time="0.492">
                                                 
                                               </testcase>
                     <system-out><![CDATA[]]></system-out>
                     <system-err><![CDATA[]]></system-err>
                   </testsuite>